[0.672s] Invoking command in '/home/michael/Documents/Ros2Humble/src/python_pkg': PYTHONPATH=/home/michael/Documents/Ros2Humble/build/python_pkg/prefix_override:/usr/lib/python3/dist-packages/colcon_core/task/python/colcon_distutils_commands:/home/michael/Documents/Ros2Humble/install/python_pkg/lib/python3.10/site-packages:${PYTHONPATH} /usr/bin/python3 -W ignore:setup.py install is deprecated -W ignore:easy_install command is deprecated setup.py egg_info --egg-base ../../build/python_pkg build --build-base /home/michael/Documents/Ros2Humble/build/python_pkg/build install --record /home/michael/Documents/Ros2Humble/build/python_pkg/install.log --single-version-externally-managed install_data
[0.924s] running egg_info
[0.925s] creating ../../build/python_pkg/python_pkg.egg-info
[0.925s] writing ../../build/python_pkg/python_pkg.egg-info/PKG-INFO
[0.925s] writing dependency_links to ../../build/python_pkg/python_pkg.egg-info/dependency_links.txt
[0.926s] writing entry points to ../../build/python_pkg/python_pkg.egg-info/entry_points.txt
[0.926s] writing requirements to ../../build/python_pkg/python_pkg.egg-info/requires.txt
[0.926s] writing top-level names to ../../build/python_pkg/python_pkg.egg-info/top_level.txt
[0.926s] writing manifest file '../../build/python_pkg/python_pkg.egg-info/SOURCES.txt'
[0.929s] reading manifest file '../../build/python_pkg/python_pkg.egg-info/SOURCES.txt'
[0.930s] writing manifest file '../../build/python_pkg/python_pkg.egg-info/SOURCES.txt'
[0.930s] running build
[0.930s] running build_py
[0.930s] creating /home/michael/Documents/Ros2Humble/build/python_pkg/build
[0.930s] creating /home/michael/Documents/Ros2Humble/build/python_pkg/build/lib
[0.930s] creating /home/michael/Documents/Ros2Humble/build/python_pkg/build/lib/python_pkg
[0.930s] copying python_pkg/__init__.py -> /home/michael/Documents/Ros2Humble/build/python_pkg/build/lib/python_pkg
[0.931s] running install
[0.931s] running install_lib
[0.932s] creating /home/michael/Documents/Ros2Humble/install/python_pkg/lib/python3.10/site-packages/python_pkg
[0.932s] copying /home/michael/Documents/Ros2Humble/build/python_pkg/build/lib/python_pkg/__init__.py -> /home/michael/Documents/Ros2Humble/install/python_pkg/lib/python3.10/site-packages/python_pkg
[0.933s] byte-compiling /home/michael/Documents/Ros2Humble/install/python_pkg/lib/python3.10/site-packages/python_pkg/__init__.py to __init__.cpython-310.pyc
[0.933s] running install_data
[0.933s] creating /home/michael/Documents/Ros2Humble/install/python_pkg/share/ament_index
[0.934s] creating /home/michael/Documents/Ros2Humble/install/python_pkg/share/ament_index/resource_index
[0.934s] creating /home/michael/Documents/Ros2Humble/install/python_pkg/share/ament_index/resource_index/packages
[0.934s] copying resource/python_pkg -> /home/michael/Documents/Ros2Humble/install/python_pkg/share/ament_index/resource_index/packages
[0.934s] copying package.xml -> /home/michael/Documents/Ros2Humble/install/python_pkg/share/python_pkg
[0.934s] running install_egg_info
[0.936s] Copying ../../build/python_pkg/python_pkg.egg-info to /home/michael/Documents/Ros2Humble/install/python_pkg/lib/python3.10/site-packages/python_pkg-0.0.0-py3.10.egg-info
[0.937s] running install_scripts
[0.960s] writing list of installed files to '/home/michael/Documents/Ros2Humble/build/python_pkg/install.log'
[0.987s] Invoked command in '/home/michael/Documents/Ros2Humble/src/python_pkg' returned '0': PYTHONPATH=/home/michael/Documents/Ros2Humble/build/python_pkg/prefix_override:/usr/lib/python3/dist-packages/colcon_core/task/python/colcon_distutils_commands:/home/michael/Documents/Ros2Humble/install/python_pkg/lib/python3.10/site-packages:${PYTHONPATH} /usr/bin/python3 -W ignore:setup.py install is deprecated -W ignore:easy_install command is deprecated setup.py egg_info --egg-base ../../build/python_pkg build --build-base /home/michael/Documents/Ros2Humble/build/python_pkg/build install --record /home/michael/Documents/Ros2Humble/build/python_pkg/install.log --single-version-externally-managed install_data
