running egg_info
creating ../../build/python_pkg/python_pkg.egg-info
writing ../../build/python_pkg/python_pkg.egg-info/PKG-INFO
writing dependency_links to ../../build/python_pkg/python_pkg.egg-info/dependency_links.txt
writing entry points to ../../build/python_pkg/python_pkg.egg-info/entry_points.txt
writing requirements to ../../build/python_pkg/python_pkg.egg-info/requires.txt
writing top-level names to ../../build/python_pkg/python_pkg.egg-info/top_level.txt
writing manifest file '../../build/python_pkg/python_pkg.egg-info/SOURCES.txt'
reading manifest file '../../build/python_pkg/python_pkg.egg-info/SOURCES.txt'
writing manifest file '../../build/python_pkg/python_pkg.egg-info/SOURCES.txt'
running build
running build_py
creating /home/michael/Documents/AGV/ros-learning/ros2/build/python_pkg/build
creating /home/michael/Documents/AGV/ros-learning/ros2/build/python_pkg/build/lib
creating /home/michael/Documents/AGV/ros-learning/ros2/build/python_pkg/build/lib/python_pkg
copying python_pkg/first_node.py -> /home/michael/Documents/AGV/ros-learning/ros2/build/python_pkg/build/lib/python_pkg
copying python_pkg/__init__.py -> /home/michael/Documents/AGV/ros-learning/ros2/build/python_pkg/build/lib/python_pkg
running install
running install_lib
running install_data
running install_egg_info
removing '/home/michael/Documents/AGV/ros-learning/ros2/install/python_pkg/lib/python3.10/site-packages/python_pkg-0.0.0-py3.10.egg-info' (and everything under it)
Copying ../../build/python_pkg/python_pkg.egg-info to /home/michael/Documents/AGV/ros-learning/ros2/install/python_pkg/lib/python3.10/site-packages/python_pkg-0.0.0-py3.10.egg-info
running install_scripts
Installing first_node script to /home/michael/Documents/AGV/ros-learning/ros2/install/python_pkg/lib/python_pkg
writing list of installed files to '/home/michael/Documents/AGV/ros-learning/ros2/build/python_pkg/install.log'
