running develop
running egg_info
creating python_pkg.egg-info
writing python_pkg.egg-info/PKG-INFO
writing dependency_links to python_pkg.egg-info/dependency_links.txt
writing entry points to python_pkg.egg-info/entry_points.txt
writing requirements to python_pkg.egg-info/requires.txt
writing top-level names to python_pkg.egg-info/top_level.txt
writing manifest file 'python_pkg.egg-info/SOURCES.txt'
reading manifest file 'python_pkg.egg-info/SOURCES.txt'
writing manifest file 'python_pkg.egg-info/SOURCES.txt'
running build_ext
Creating /home/michael/Documents/AGV/ros-learning/install/python_pkg/lib/python3.10/site-packages/python-pkg.egg-link (link to .)
Installing first_node script to /home/michael/Documents/AGV/ros-learning/install/python_pkg/lib/python_pkg

Installed /home/michael/Documents/AGV/ros-learning/build/python_pkg
running symlink_data
creating /home/michael/Documents/AGV/ros-learning/install/python_pkg/share/ament_index
creating /home/michael/Documents/AGV/ros-learning/install/python_pkg/share/ament_index/resource_index
creating /home/michael/Documents/AGV/ros-learning/install/python_pkg/share/ament_index/resource_index/packages
symbolically linking /home/michael/Documents/AGV/ros-learning/build/python_pkg/resource/python_pkg -> /home/michael/Documents/AGV/ros-learning/install/python_pkg/share/ament_index/resource_index/packages
symbolically linking /home/michael/Documents/AGV/ros-learning/build/python_pkg/package.xml -> /home/michael/Documents/AGV/ros-learning/install/python_pkg/share/python_pkg
