[0.770s] Invoking command in '/home/michael/Documents/AGV/ros-learning/build/python_pkg': PYTHONPATH=/home/michael/Documents/AGV/ros-learning/build/python_pkg/prefix_override:/usr/lib/python3/dist-packages/colcon_core/task/python/colcon_distutils_commands:/home/michael/Documents/AGV/ros-learning/install/python_pkg/lib/python3.10/site-packages:${PYTHONPATH} /usr/bin/python3 -W ignore:setup.py install is deprecated -W ignore:easy_install command is deprecated setup.py develop --editable --build-directory /home/michael/Documents/AGV/ros-learning/build/python_pkg/build --no-deps symlink_data
[1.096s] running develop
[1.343s] running egg_info
[1.343s] creating python_pkg.egg-info
[1.343s] writing python_pkg.egg-info/PKG-INFO
[1.344s] writing dependency_links to python_pkg.egg-info/dependency_links.txt
[1.344s] writing entry points to python_pkg.egg-info/entry_points.txt
[1.344s] writing requirements to python_pkg.egg-info/requires.txt
[1.344s] writing top-level names to python_pkg.egg-info/top_level.txt
[1.345s] writing manifest file 'python_pkg.egg-info/SOURCES.txt'
[1.347s] reading manifest file 'python_pkg.egg-info/SOURCES.txt'
[1.348s] writing manifest file 'python_pkg.egg-info/SOURCES.txt'
[1.350s] running build_ext
[1.350s] Creating /home/michael/Documents/AGV/ros-learning/install/python_pkg/lib/python3.10/site-packages/python-pkg.egg-link (link to .)
[1.351s] Installing first_node script to /home/michael/Documents/AGV/ros-learning/install/python_pkg/lib/python_pkg
[1.351s] 
[1.352s] Installed /home/michael/Documents/AGV/ros-learning/build/python_pkg
[1.352s] running symlink_data
[1.352s] creating /home/michael/Documents/AGV/ros-learning/install/python_pkg/share/ament_index
[1.352s] creating /home/michael/Documents/AGV/ros-learning/install/python_pkg/share/ament_index/resource_index
[1.352s] creating /home/michael/Documents/AGV/ros-learning/install/python_pkg/share/ament_index/resource_index/packages
[1.352s] symbolically linking /home/michael/Documents/AGV/ros-learning/build/python_pkg/resource/python_pkg -> /home/michael/Documents/AGV/ros-learning/install/python_pkg/share/ament_index/resource_index/packages
[1.352s] symbolically linking /home/michael/Documents/AGV/ros-learning/build/python_pkg/package.xml -> /home/michael/Documents/AGV/ros-learning/install/python_pkg/share/python_pkg
[1.387s] Invoked command in '/home/michael/Documents/AGV/ros-learning/build/python_pkg' returned '0': PYTHONPATH=/home/michael/Documents/AGV/ros-learning/build/python_pkg/prefix_override:/usr/lib/python3/dist-packages/colcon_core/task/python/colcon_distutils_commands:/home/michael/Documents/AGV/ros-learning/install/python_pkg/lib/python3.10/site-packages:${PYTHONPATH} /usr/bin/python3 -W ignore:setup.py install is deprecated -W ignore:easy_install command is deprecated setup.py develop --editable --build-directory /home/michael/Documents/AGV/ros-learning/build/python_pkg/build --no-deps symlink_data
