[0.011s] Invoking command in '/home/michael/Documents/Ros2Humble/build/cpp_pkg': CMAKE_PREFIX_PATH=/opt/ros/humble /usr/bin/cmake --build /home/michael/Documents/Ros2Humble/build/cpp_pkg -- -j4 -l4
[0.050s] Invoked command in '/home/michael/Documents/Ros2Humble/build/cpp_pkg' returned '0': CMAKE_PREFIX_PATH=/opt/ros/humble /usr/bin/cmake --build /home/michael/Documents/Ros2Humble/build/cpp_pkg -- -j4 -l4
[0.059s] Invoking command in '/home/michael/Documents/Ros2Humble/build/cpp_pkg': CMAKE_PREFIX_PATH=/opt/ros/humble /usr/bin/cmake --install /home/michael/Documents/Ros2Humble/build/cpp_pkg
[0.065s] -- Install configuration: ""
[0.065s] -- Installing: /home/michael/Documents/Ros2Humble/install/cpp_pkg/share/ament_index/resource_index/package_run_dependencies/cpp_pkg
[0.066s] -- Installing: /home/michael/Documents/Ros2Humble/install/cpp_pkg/share/ament_index/resource_index/parent_prefix_path/cpp_pkg
[0.066s] -- Installing: /home/michael/Documents/Ros2Humble/install/cpp_pkg/share/cpp_pkg/environment/ament_prefix_path.sh
[0.066s] -- Installing: /home/michael/Documents/Ros2Humble/install/cpp_pkg/share/cpp_pkg/environment/ament_prefix_path.dsv
[0.066s] -- Installing: /home/michael/Documents/Ros2Humble/install/cpp_pkg/share/cpp_pkg/environment/path.sh
[0.066s] -- Installing: /home/michael/Documents/Ros2Humble/install/cpp_pkg/share/cpp_pkg/environment/path.dsv
[0.067s] -- Installing: /home/michael/Documents/Ros2Humble/install/cpp_pkg/share/cpp_pkg/local_setup.bash
[0.067s] -- Installing: /home/michael/Documents/Ros2Humble/install/cpp_pkg/share/cpp_pkg/local_setup.sh
[0.067s] -- Installing: /home/michael/Documents/Ros2Humble/install/cpp_pkg/share/cpp_pkg/local_setup.zsh
[0.067s] -- Installing: /home/michael/Documents/Ros2Humble/install/cpp_pkg/share/cpp_pkg/local_setup.dsv
[0.067s] -- Installing: /home/michael/Documents/Ros2Humble/install/cpp_pkg/share/cpp_pkg/package.dsv
[0.068s] -- Installing: /home/michael/Documents/Ros2Humble/install/cpp_pkg/share/ament_index/resource_index/packages/cpp_pkg
[0.068s] -- Installing: /home/michael/Documents/Ros2Humble/install/cpp_pkg/share/cpp_pkg/cmake/cpp_pkgConfig.cmake
[0.068s] -- Installing: /home/michael/Documents/Ros2Humble/install/cpp_pkg/share/cpp_pkg/cmake/cpp_pkgConfig-version.cmake
[0.068s] -- Installing: /home/michael/Documents/Ros2Humble/install/cpp_pkg/share/cpp_pkg/package.xml
[0.071s] Invoked command in '/home/michael/Documents/Ros2Humble/build/cpp_pkg' returned '0': CMAKE_PREFIX_PATH=/opt/ros/humble /usr/bin/cmake --install /home/michael/Documents/Ros2Humble/build/cpp_pkg
