[0.694s] Invoking command in '/home/michael/Documents/AGV/ros-learning/ros2/src/python_pkg': PYTHONPATH=/home/michael/Documents/AGV/ros-learning/ros2/build/python_pkg/prefix_override:/usr/lib/python3/dist-packages/colcon_core/task/python/colcon_distutils_commands:/home/michael/Documents/AGV/ros-learning/ros2/install/python_pkg/lib/python3.10/site-packages:${PYTHONPATH} /usr/bin/python3 -W ignore:setup.py install is deprecated -W ignore:easy_install command is deprecated setup.py egg_info --egg-base ../../build/python_pkg build --build-base /home/michael/Documents/AGV/ros-learning/ros2/build/python_pkg/build install --record /home/michael/Documents/AGV/ros-learning/ros2/build/python_pkg/install.log --single-version-externally-managed install_data
[0.972s] running egg_info
[0.973s] writing ../../build/python_pkg/python_pkg.egg-info/PKG-INFO
[0.973s] writing dependency_links to ../../build/python_pkg/python_pkg.egg-info/dependency_links.txt
[0.973s] writing entry points to ../../build/python_pkg/python_pkg.egg-info/entry_points.txt
[0.974s] writing requirements to ../../build/python_pkg/python_pkg.egg-info/requires.txt
[0.974s] writing top-level names to ../../build/python_pkg/python_pkg.egg-info/top_level.txt
[0.976s] reading manifest file '../../build/python_pkg/python_pkg.egg-info/SOURCES.txt'
[0.977s] writing manifest file '../../build/python_pkg/python_pkg.egg-info/SOURCES.txt'
[0.977s] running build
[0.977s] running build_py
[0.977s] running install
[0.977s] running install_lib
[0.979s] running install_data
[0.979s] running install_egg_info
[0.980s] removing '/home/michael/Documents/AGV/ros-learning/ros2/install/python_pkg/lib/python3.10/site-packages/python_pkg-0.0.0-py3.10.egg-info' (and everything under it)
[0.981s] Copying ../../build/python_pkg/python_pkg.egg-info to /home/michael/Documents/AGV/ros-learning/ros2/install/python_pkg/lib/python3.10/site-packages/python_pkg-0.0.0-py3.10.egg-info
[0.982s] running install_scripts
[1.001s] Installing first_node script to /home/michael/Documents/AGV/ros-learning/ros2/install/python_pkg/lib/python_pkg
[1.002s] writing list of installed files to '/home/michael/Documents/AGV/ros-learning/ros2/build/python_pkg/install.log'
[1.034s] Invoked command in '/home/michael/Documents/AGV/ros-learning/ros2/src/python_pkg' returned '0': PYTHONPATH=/home/michael/Documents/AGV/ros-learning/ros2/build/python_pkg/prefix_override:/usr/lib/python3/dist-packages/colcon_core/task/python/colcon_distutils_commands:/home/michael/Documents/AGV/ros-learning/ros2/install/python_pkg/lib/python3.10/site-packages:${PYTHONPATH} /usr/bin/python3 -W ignore:setup.py install is deprecated -W ignore:easy_install command is deprecated setup.py egg_info --egg-base ../../build/python_pkg build --build-base /home/michael/Documents/AGV/ros-learning/ros2/build/python_pkg/build install --record /home/michael/Documents/AGV/ros-learning/ros2/build/python_pkg/install.log --single-version-externally-managed install_data
