-- Found ament_cmake: 1.3.11 (/opt/ros/humble/share/ament_cmake/cmake)
-- Found rclcpp: 16.0.11 (/opt/ros/humble/share/rclcpp/cmake)
-- Found rosidl_generator_c: 3.1.6 (/opt/ros/humble/share/rosidl_generator_c/cmake)
-- Found rosidl_adapter: 3.1.6 (/opt/ros/humble/share/rosidl_adapter/cmake)
-- Found rosidl_generator_cpp: 3.1.6 (/opt/ros/humble/share/rosidl_generator_cpp/cmake)
-- Using all available rosidl_typesupport_c: rosidl_typesupport_fastrtps_c;rosidl_typesupport_introspection_c
-- Using all available rosidl_typesupport_cpp: rosidl_typesupport_fastrtps_cpp;rosidl_typesupport_introspection_cpp
-- Found rmw_implementation_cmake: 6.1.2 (/opt/ros/humble/share/rmw_implementation_cmake/cmake)
-- Found rmw_fastrtps_cpp: 6.2.7 (/opt/ros/humble/share/rmw_fastrtps_cpp/cmake)
-- Using RMW implementation 'rmw_fastrtps_cpp' as default
-- Configuring done
-- Generating done
-- Build files have been written to: /home/michael/Documents/Ros2Humble/build/cpp_pkg
[ 50%] [32mBuilding CXX object CMakeFiles/cpp_node.dir/src/first_node.cpp.o[0m
[100%] [32m[1mLinking CXX executable cpp_node[0m
[100%] Built target cpp_node
-- Install configuration: ""
-- Installing: /home/michael/Documents/Ros2Humble/install/cpp_pkg/lib/cpp_pkg/cpp_node
-- Set runtime path of "/home/michael/Documents/Ros2Humble/install/cpp_pkg/lib/cpp_pkg/cpp_node" to ""
-- Up-to-date: /home/michael/Documents/Ros2Humble/install/cpp_pkg/share/ament_index/resource_index/package_run_dependencies/cpp_pkg
-- Installing: /home/michael/Documents/Ros2Humble/install/cpp_pkg/share/ament_index/resource_index/parent_prefix_path/cpp_pkg
-- Up-to-date: /home/michael/Documents/Ros2Humble/install/cpp_pkg/share/cpp_pkg/environment/ament_prefix_path.sh
-- Installing: /home/michael/Documents/Ros2Humble/install/cpp_pkg/share/cpp_pkg/environment/ament_prefix_path.dsv
-- Up-to-date: /home/michael/Documents/Ros2Humble/install/cpp_pkg/share/cpp_pkg/environment/path.sh
-- Installing: /home/michael/Documents/Ros2Humble/install/cpp_pkg/share/cpp_pkg/environment/path.dsv
-- Up-to-date: /home/michael/Documents/Ros2Humble/install/cpp_pkg/share/cpp_pkg/local_setup.bash
-- Up-to-date: /home/michael/Documents/Ros2Humble/install/cpp_pkg/share/cpp_pkg/local_setup.sh
-- Up-to-date: /home/michael/Documents/Ros2Humble/install/cpp_pkg/share/cpp_pkg/local_setup.zsh
-- Installing: /home/michael/Documents/Ros2Humble/install/cpp_pkg/share/cpp_pkg/local_setup.dsv
-- Installing: /home/michael/Documents/Ros2Humble/install/cpp_pkg/share/cpp_pkg/package.dsv
-- Up-to-date: /home/michael/Documents/Ros2Humble/install/cpp_pkg/share/ament_index/resource_index/packages/cpp_pkg
-- Up-to-date: /home/michael/Documents/Ros2Humble/install/cpp_pkg/share/cpp_pkg/cmake/cpp_pkgConfig.cmake
-- Up-to-date: /home/michael/Documents/Ros2Humble/install/cpp_pkg/share/cpp_pkg/cmake/cpp_pkgConfig-version.cmake
-- Installing: /home/michael/Documents/Ros2Humble/install/cpp_pkg/share/cpp_pkg/package.xml
