[0.015s] Invoking command in '/home/michael/Documents/Ros2Humble/build/cpp_pkg': CMAKE_PREFIX_PATH=${CMAKE_PREFIX_PATH}:/home/michael/Documents/Ros2Humble/install/python_pkg:/opt/ros/humble /usr/bin/cmake --build /home/michael/Documents/Ros2Humble/build/cpp_pkg -- -j4 -l4
[0.035s] -- Found ament_cmake: 1.3.11 (/opt/ros/humble/share/ament_cmake/cmake)
[0.158s] -- Found rclcpp: 16.0.11 (/opt/ros/humble/share/rclcpp/cmake)
[0.188s] -- Found rosidl_generator_c: 3.1.6 (/opt/ros/humble/share/rosidl_generator_c/cmake)
[0.190s] -- Found rosidl_adapter: 3.1.6 (/opt/ros/humble/share/rosidl_adapter/cmake)
[0.196s] -- Found rosidl_generator_cpp: 3.1.6 (/opt/ros/humble/share/rosidl_generator_cpp/cmake)
[0.206s] -- Using all available rosidl_typesupport_c: rosidl_typesupport_fastrtps_c;rosidl_typesupport_introspection_c
[0.219s] -- Using all available rosidl_typesupport_cpp: rosidl_typesupport_fastrtps_cpp;rosidl_typesupport_introspection_cpp
[0.253s] -- Found rmw_implementation_cmake: 6.1.2 (/opt/ros/humble/share/rmw_implementation_cmake/cmake)
[0.254s] -- Found rmw_fastrtps_cpp: 6.2.7 (/opt/ros/humble/share/rmw_fastrtps_cpp/cmake)
[0.348s] -- Using RMW implementation 'rmw_fastrtps_cpp' as default
[0.469s] -- Configuring done
[0.478s] -- Generating done
[0.481s] -- Build files have been written to: /home/michael/Documents/Ros2Humble/build/cpp_pkg
[0.512s] [ 50%] [32mBuilding CXX object CMakeFiles/cpp_node.dir/src/first_node.cpp.o[0m
[3.433s] [100%] [32m[1mLinking CXX executable cpp_node[0m
[3.554s] [100%] Built target cpp_node
[3.564s] Invoked command in '/home/michael/Documents/Ros2Humble/build/cpp_pkg' returned '0': CMAKE_PREFIX_PATH=${CMAKE_PREFIX_PATH}:/home/michael/Documents/Ros2Humble/install/python_pkg:/opt/ros/humble /usr/bin/cmake --build /home/michael/Documents/Ros2Humble/build/cpp_pkg -- -j4 -l4
[3.576s] Invoking command in '/home/michael/Documents/Ros2Humble/build/cpp_pkg': CMAKE_PREFIX_PATH=${CMAKE_PREFIX_PATH}:/home/michael/Documents/Ros2Humble/install/python_pkg:/opt/ros/humble /usr/bin/cmake --install /home/michael/Documents/Ros2Humble/build/cpp_pkg
[3.583s] -- Install configuration: ""
[3.583s] -- Installing: /home/michael/Documents/Ros2Humble/install/cpp_pkg/lib/cpp_pkg/cpp_node
[3.583s] -- Set runtime path of "/home/michael/Documents/Ros2Humble/install/cpp_pkg/lib/cpp_pkg/cpp_node" to ""
[3.583s] -- Up-to-date: /home/michael/Documents/Ros2Humble/install/cpp_pkg/share/ament_index/resource_index/package_run_dependencies/cpp_pkg
[3.584s] -- Installing: /home/michael/Documents/Ros2Humble/install/cpp_pkg/share/ament_index/resource_index/parent_prefix_path/cpp_pkg
[3.584s] -- Up-to-date: /home/michael/Documents/Ros2Humble/install/cpp_pkg/share/cpp_pkg/environment/ament_prefix_path.sh
[3.584s] -- Installing: /home/michael/Documents/Ros2Humble/install/cpp_pkg/share/cpp_pkg/environment/ament_prefix_path.dsv
[3.584s] -- Up-to-date: /home/michael/Documents/Ros2Humble/install/cpp_pkg/share/cpp_pkg/environment/path.sh
[3.585s] -- Installing: /home/michael/Documents/Ros2Humble/install/cpp_pkg/share/cpp_pkg/environment/path.dsv
[3.585s] -- Up-to-date: /home/michael/Documents/Ros2Humble/install/cpp_pkg/share/cpp_pkg/local_setup.bash
[3.585s] -- Up-to-date: /home/michael/Documents/Ros2Humble/install/cpp_pkg/share/cpp_pkg/local_setup.sh
[3.585s] -- Up-to-date: /home/michael/Documents/Ros2Humble/install/cpp_pkg/share/cpp_pkg/local_setup.zsh
[3.585s] -- Installing: /home/michael/Documents/Ros2Humble/install/cpp_pkg/share/cpp_pkg/local_setup.dsv
[3.585s] -- Installing: /home/michael/Documents/Ros2Humble/install/cpp_pkg/share/cpp_pkg/package.dsv
[3.585s] -- Up-to-date: /home/michael/Documents/Ros2Humble/install/cpp_pkg/share/ament_index/resource_index/packages/cpp_pkg
[3.585s] -- Up-to-date: /home/michael/Documents/Ros2Humble/install/cpp_pkg/share/cpp_pkg/cmake/cpp_pkgConfig.cmake
[3.585s] -- Up-to-date: /home/michael/Documents/Ros2Humble/install/cpp_pkg/share/cpp_pkg/cmake/cpp_pkgConfig-version.cmake
[3.585s] -- Installing: /home/michael/Documents/Ros2Humble/install/cpp_pkg/share/cpp_pkg/package.xml
[3.587s] Invoked command in '/home/michael/Documents/Ros2Humble/build/cpp_pkg' returned '0': CMAKE_PREFIX_PATH=${CMAKE_PREFIX_PATH}:/home/michael/Documents/Ros2Humble/install/python_pkg:/opt/ros/humble /usr/bin/cmake --install /home/michael/Documents/Ros2Humble/build/cpp_pkg
