[0.132s] [34mcolcon[0m [1;30mDEBUG[0m [32mCommand line arguments: ['/usr/bin/colcon', 'build'][0m
[0.132s] [34mcolcon[0m [1;30mDEBUG[0m [32mParsed command line arguments: Namespace(log_base=None, log_level=None, verb_name='build', build_base='build', install_base='install', merge_install=False, symlink_install=False, test_result_base=None, continue_on_error=False, executor='parallel', parallel_workers=4, event_handlers=None, ignore_user_meta=False, metas=['./colcon.meta'], base_paths=['.'], packages_ignore=None, packages_ignore_regex=None, paths=None, packages_up_to=None, packages_up_to_regex=None, packages_above=None, packages_above_and_dependencies=None, packages_above_depth=None, packages_select_by_dep=None, packages_skip_by_dep=None, packages_skip_up_to=None, packages_select_build_failed=False, packages_skip_build_finished=False, packages_select_test_failures=False, packages_skip_test_passed=False, packages_select=None, packages_skip=None, packages_select_regex=None, packages_skip_regex=None, packages_start=None, packages_end=None, allow_overriding=[], cmake_args=None, cmake_target=None, cmake_target_skip_unavailable=False, cmake_clean_cache=False, cmake_clean_first=False, cmake_force_configure=False, ament_cmake_args=None, catkin_cmake_args=None, catkin_skip_building_tests=False, mixin_files=None, mixin=None, verb_parser=<colcon_mixin.mixin.mixin_argument.MixinArgumentDecorator object at 0x73ac761411b0>, verb_extension=<colcon_core.verb.build.BuildVerb object at 0x73ac76236020>, main=<bound method BuildVerb.main of <colcon_core.verb.build.BuildVerb object at 0x73ac76236020>>, mixin_verb=('build',))[0m
[0.335s] [34mcolcon.colcon_core.package_discovery[0m [1;30mLevel 1[0m discover_packages(colcon_meta) check parameters
[0.335s] [34mcolcon.colcon_core.package_discovery[0m [1;30mLevel 1[0m discover_packages(recursive) check parameters
[0.335s] [34mcolcon.colcon_core.package_discovery[0m [1;30mLevel 1[0m discover_packages(ignore) check parameters
[0.335s] [34mcolcon.colcon_core.package_discovery[0m [1;30mLevel 1[0m discover_packages(path) check parameters
[0.335s] [34mcolcon.colcon_core.package_discovery[0m [1;30mLevel 1[0m discover_packages(colcon_meta) discover
[0.335s] [34mcolcon.colcon_core.package_discovery[0m [1;30mLevel 1[0m discover_packages(recursive) discover
[0.335s] [34mcolcon.colcon_core.package_discovery[0m [1;30mINFO[0m Crawling recursively for packages in '/home/michael/Documents/AGV/ros-learning/Ros2'
[0.335s] [34mcolcon.colcon_core.package_identification[0m [1;30mLevel 1[0m _identify(.) by extensions ['ignore', 'ignore_ament_install']
[0.335s] [34mcolcon.colcon_core.package_identification[0m [1;30mLevel 1[0m _identify(.) by extension 'ignore'
[0.335s] [34mcolcon.colcon_core.package_identification[0m [1;30mLevel 1[0m _identify(.) by extension 'ignore_ament_install'
[0.335s] [34mcolcon.colcon_core.package_identification[0m [1;30mLevel 1[0m _identify(.) by extensions ['colcon_pkg']
[0.335s] [34mcolcon.colcon_core.package_identification[0m [1;30mLevel 1[0m _identify(.) by extension 'colcon_pkg'
[0.335s] [34mcolcon.colcon_core.package_identification[0m [1;30mLevel 1[0m _identify(.) by extensions ['colcon_meta']
[0.335s] [34mcolcon.colcon_core.package_identification[0m [1;30mLevel 1[0m _identify(.) by extension 'colcon_meta'
[0.335s] [34mcolcon.colcon_core.package_identification[0m [1;30mLevel 1[0m _identify(.) by extensions ['ros']
[0.335s] [34mcolcon.colcon_core.package_identification[0m [1;30mLevel 1[0m _identify(.) by extension 'ros'
[0.355s] [34mcolcon.colcon_core.package_identification[0m [1;30mLevel 1[0m _identify(.) by extensions ['cmake', 'python']
[0.355s] [34mcolcon.colcon_core.package_identification[0m [1;30mLevel 1[0m _identify(.) by extension 'cmake'
[0.355s] [34mcolcon.colcon_core.package_identification[0m [1;30mLevel 1[0m _identify(.) by extension 'python'
[0.355s] [34mcolcon.colcon_core.package_identification[0m [1;30mLevel 1[0m _identify(.) by extensions ['python_setup_py']
[0.355s] [34mcolcon.colcon_core.package_identification[0m [1;30mLevel 1[0m _identify(.) by extension 'python_setup_py'
[0.356s] [34mcolcon.colcon_core.package_identification[0m [1;30mLevel 1[0m _identify(build) by extensions ['ignore', 'ignore_ament_install']
[0.356s] [34mcolcon.colcon_core.package_identification[0m [1;30mLevel 1[0m _identify(build) by extension 'ignore'
[0.356s] [34mcolcon.colcon_core.package_identification[0m [1;30mLevel 1[0m _identify(build) ignored
[0.356s] [34mcolcon.colcon_core.package_identification[0m [1;30mLevel 1[0m _identify(install) by extensions ['ignore', 'ignore_ament_install']
[0.356s] [34mcolcon.colcon_core.package_identification[0m [1;30mLevel 1[0m _identify(install) by extension 'ignore'
[0.356s] [34mcolcon.colcon_core.package_identification[0m [1;30mLevel 1[0m _identify(install) ignored
[0.356s] [34mcolcon.colcon_core.package_identification[0m [1;30mLevel 1[0m _identify(log) by extensions ['ignore', 'ignore_ament_install']
[0.356s] [34mcolcon.colcon_core.package_identification[0m [1;30mLevel 1[0m _identify(log) by extension 'ignore'
[0.356s] [34mcolcon.colcon_core.package_identification[0m [1;30mLevel 1[0m _identify(log) ignored
[0.356s] [34mcolcon.colcon_core.package_identification[0m [1;30mLevel 1[0m _identify(src) by extensions ['ignore', 'ignore_ament_install']
[0.356s] [34mcolcon.colcon_core.package_identification[0m [1;30mLevel 1[0m _identify(src) by extension 'ignore'
[0.356s] [34mcolcon.colcon_core.package_identification[0m [1;30mLevel 1[0m _identify(src) by extension 'ignore_ament_install'
[0.356s] [34mcolcon.colcon_core.package_identification[0m [1;30mLevel 1[0m _identify(src) by extensions ['colcon_pkg']
[0.356s] [34mcolcon.colcon_core.package_identification[0m [1;30mLevel 1[0m _identify(src) by extension 'colcon_pkg'
[0.357s] [34mcolcon.colcon_core.package_identification[0m [1;30mLevel 1[0m _identify(src) by extensions ['colcon_meta']
[0.357s] [34mcolcon.colcon_core.package_identification[0m [1;30mLevel 1[0m _identify(src) by extension 'colcon_meta'
[0.357s] [34mcolcon.colcon_core.package_identification[0m [1;30mLevel 1[0m _identify(src) by extensions ['ros']
[0.357s] [34mcolcon.colcon_core.package_identification[0m [1;30mLevel 1[0m _identify(src) by extension 'ros'
[0.357s] [34mcolcon.colcon_core.package_identification[0m [1;30mLevel 1[0m _identify(src) by extensions ['cmake', 'python']
[0.357s] [34mcolcon.colcon_core.package_identification[0m [1;30mLevel 1[0m _identify(src) by extension 'cmake'
[0.357s] [34mcolcon.colcon_core.package_identification[0m [1;30mLevel 1[0m _identify(src) by extension 'python'
[0.357s] [34mcolcon.colcon_core.package_identification[0m [1;30mLevel 1[0m _identify(src) by extensions ['python_setup_py']
[0.357s] [34mcolcon.colcon_core.package_identification[0m [1;30mLevel 1[0m _identify(src) by extension 'python_setup_py'
[0.357s] [34mcolcon.colcon_core.package_identification[0m [1;30mLevel 1[0m _identify(src/cpp_pkg) by extensions ['ignore', 'ignore_ament_install']
[0.357s] [34mcolcon.colcon_core.package_identification[0m [1;30mLevel 1[0m _identify(src/cpp_pkg) by extension 'ignore'
[0.357s] [34mcolcon.colcon_core.package_identification[0m [1;30mLevel 1[0m _identify(src/cpp_pkg) by extension 'ignore_ament_install'
[0.357s] [34mcolcon.colcon_core.package_identification[0m [1;30mLevel 1[0m _identify(src/cpp_pkg) by extensions ['colcon_pkg']
[0.357s] [34mcolcon.colcon_core.package_identification[0m [1;30mLevel 1[0m _identify(src/cpp_pkg) by extension 'colcon_pkg'
[0.357s] [34mcolcon.colcon_core.package_identification[0m [1;30mLevel 1[0m _identify(src/cpp_pkg) by extensions ['colcon_meta']
[0.357s] [34mcolcon.colcon_core.package_identification[0m [1;30mLevel 1[0m _identify(src/cpp_pkg) by extension 'colcon_meta'
[0.358s] [34mcolcon.colcon_core.package_identification[0m [1;30mLevel 1[0m _identify(src/cpp_pkg) by extensions ['ros']
[0.358s] [34mcolcon.colcon_core.package_identification[0m [1;30mLevel 1[0m _identify(src/cpp_pkg) by extension 'ros'
[0.360s] [34mcolcon.colcon_core.package_identification[0m [1;30mDEBUG[0m [32mPackage 'src/cpp_pkg' with type 'ros.ament_cmake' and name 'cpp_pkg'[0m
[0.361s] [34mcolcon.colcon_core.package_identification[0m [1;30mLevel 1[0m _identify(src/python_pkg) by extensions ['ignore', 'ignore_ament_install']
[0.361s] [34mcolcon.colcon_core.package_identification[0m [1;30mLevel 1[0m _identify(src/python_pkg) by extension 'ignore'
[0.361s] [34mcolcon.colcon_core.package_identification[0m [1;30mLevel 1[0m _identify(src/python_pkg) by extension 'ignore_ament_install'
[0.361s] [34mcolcon.colcon_core.package_identification[0m [1;30mLevel 1[0m _identify(src/python_pkg) by extensions ['colcon_pkg']
[0.361s] [34mcolcon.colcon_core.package_identification[0m [1;30mLevel 1[0m _identify(src/python_pkg) by extension 'colcon_pkg'
[0.361s] [34mcolcon.colcon_core.package_identification[0m [1;30mLevel 1[0m _identify(src/python_pkg) by extensions ['colcon_meta']
[0.361s] [34mcolcon.colcon_core.package_identification[0m [1;30mLevel 1[0m _identify(src/python_pkg) by extension 'colcon_meta'
[0.361s] [34mcolcon.colcon_core.package_identification[0m [1;30mLevel 1[0m _identify(src/python_pkg) by extensions ['ros']
[0.361s] [34mcolcon.colcon_core.package_identification[0m [1;30mLevel 1[0m _identify(src/python_pkg) by extension 'ros'
[0.362s] [34mcolcon.colcon_core.package_identification[0m [1;30mDEBUG[0m [32mPackage 'src/python_pkg' with type 'ros.ament_python' and name 'python_pkg'[0m
[0.362s] [34mcolcon.colcon_core.package_discovery[0m [1;30mLevel 1[0m discover_packages(recursive) using defaults
[0.362s] [34mcolcon.colcon_core.package_discovery[0m [1;30mLevel 1[0m discover_packages(ignore) discover
[0.362s] [34mcolcon.colcon_core.package_discovery[0m [1;30mLevel 1[0m discover_packages(ignore) using defaults
[0.362s] [34mcolcon.colcon_core.package_discovery[0m [1;30mLevel 1[0m discover_packages(path) discover
[0.362s] [34mcolcon.colcon_core.package_discovery[0m [1;30mLevel 1[0m discover_packages(path) using defaults
[0.377s] [34mcolcon.colcon_core.package_discovery[0m [1;30mLevel 1[0m discover_packages(prefix_path) check parameters
[0.377s] [34mcolcon.colcon_core.package_discovery[0m [1;30mLevel 1[0m discover_packages(prefix_path) discover
[0.379s] [34mcolcon.colcon_installed_package_information.package_discovery[0m [1;30mDEBUG[0m [32mFound 2 installed packages in /home/michael/Documents/AGV/ros-learning/Ros2/install[0m
[0.380s] [34mcolcon.colcon_installed_package_information.package_discovery[0m [1;30mDEBUG[0m [32mFound 351 installed packages in /opt/ros/humble[0m
[0.383s] [34mcolcon.colcon_core.package_discovery[0m [1;30mLevel 1[0m discover_packages(prefix_path) using defaults
[0.424s] [34mcolcon.colcon_core.verb[0m [1;30mLevel 5[0m set package 'cpp_pkg' build argument 'cmake_args' from command line to 'None'
[0.424s] [34mcolcon.colcon_core.verb[0m [1;30mLevel 5[0m set package 'cpp_pkg' build argument 'cmake_target' from command line to 'None'
[0.424s] [34mcolcon.colcon_core.verb[0m [1;30mLevel 5[0m set package 'cpp_pkg' build argument 'cmake_target_skip_unavailable' from command line to 'False'
[0.424s] [34mcolcon.colcon_core.verb[0m [1;30mLevel 5[0m set package 'cpp_pkg' build argument 'cmake_clean_cache' from command line to 'False'
[0.424s] [34mcolcon.colcon_core.verb[0m [1;30mLevel 5[0m set package 'cpp_pkg' build argument 'cmake_clean_first' from command line to 'False'
[0.424s] [34mcolcon.colcon_core.verb[0m [1;30mLevel 5[0m set package 'cpp_pkg' build argument 'cmake_force_configure' from command line to 'False'
[0.424s] [34mcolcon.colcon_core.verb[0m [1;30mLevel 5[0m set package 'cpp_pkg' build argument 'ament_cmake_args' from command line to 'None'
[0.424s] [34mcolcon.colcon_core.verb[0m [1;30mLevel 5[0m set package 'cpp_pkg' build argument 'catkin_cmake_args' from command line to 'None'
[0.424s] [34mcolcon.colcon_core.verb[0m [1;30mLevel 5[0m set package 'cpp_pkg' build argument 'catkin_skip_building_tests' from command line to 'False'
[0.424s] [34mcolcon.colcon_core.verb[0m [1;30mDEBUG[0m [32mBuilding package 'cpp_pkg' with the following arguments: {'ament_cmake_args': None, 'build_base': '/home/michael/Documents/AGV/ros-learning/Ros2/build/cpp_pkg', 'catkin_cmake_args': None, 'catkin_skip_building_tests': False, 'cmake_args': None, 'cmake_clean_cache': False, 'cmake_clean_first': False, 'cmake_force_configure': False, 'cmake_target': None, 'cmake_target_skip_unavailable': False, 'install_base': '/home/michael/Documents/AGV/ros-learning/Ros2/install/cpp_pkg', 'merge_install': False, 'path': '/home/michael/Documents/AGV/ros-learning/Ros2/src/cpp_pkg', 'symlink_install': False, 'test_result_base': None}[0m
[0.424s] [34mcolcon.colcon_core.verb[0m [1;30mLevel 5[0m set package 'python_pkg' build argument 'cmake_args' from command line to 'None'
[0.424s] [34mcolcon.colcon_core.verb[0m [1;30mLevel 5[0m set package 'python_pkg' build argument 'cmake_target' from command line to 'None'
[0.424s] [34mcolcon.colcon_core.verb[0m [1;30mLevel 5[0m set package 'python_pkg' build argument 'cmake_target_skip_unavailable' from command line to 'False'
[0.424s] [34mcolcon.colcon_core.verb[0m [1;30mLevel 5[0m set package 'python_pkg' build argument 'cmake_clean_cache' from command line to 'False'
[0.424s] [34mcolcon.colcon_core.verb[0m [1;30mLevel 5[0m set package 'python_pkg' build argument 'cmake_clean_first' from command line to 'False'
[0.424s] [34mcolcon.colcon_core.verb[0m [1;30mLevel 5[0m set package 'python_pkg' build argument 'cmake_force_configure' from command line to 'False'
[0.425s] [34mcolcon.colcon_core.verb[0m [1;30mLevel 5[0m set package 'python_pkg' build argument 'ament_cmake_args' from command line to 'None'
[0.425s] [34mcolcon.colcon_core.verb[0m [1;30mLevel 5[0m set package 'python_pkg' build argument 'catkin_cmake_args' from command line to 'None'
[0.425s] [34mcolcon.colcon_core.verb[0m [1;30mLevel 5[0m set package 'python_pkg' build argument 'catkin_skip_building_tests' from command line to 'False'
[0.425s] [34mcolcon.colcon_core.verb[0m [1;30mDEBUG[0m [32mBuilding package 'python_pkg' with the following arguments: {'ament_cmake_args': None, 'build_base': '/home/michael/Documents/AGV/ros-learning/Ros2/build/python_pkg', 'catkin_cmake_args': None, 'catkin_skip_building_tests': False, 'cmake_args': None, 'cmake_clean_cache': False, 'cmake_clean_first': False, 'cmake_force_configure': False, 'cmake_target': None, 'cmake_target_skip_unavailable': False, 'install_base': '/home/michael/Documents/AGV/ros-learning/Ros2/install/python_pkg', 'merge_install': False, 'path': '/home/michael/Documents/AGV/ros-learning/Ros2/src/python_pkg', 'symlink_install': False, 'test_result_base': None}[0m
[0.425s] [34mcolcon.colcon_core.executor[0m [1;30mINFO[0m Executing jobs using 'parallel' executor
[0.426s] [34mcolcon.colcon_parallel_executor.executor.parallel[0m [1;30mDEBUG[0m [32mrun_until_complete[0m
[0.426s] [34mcolcon.colcon_ros.task.ament_cmake.build[0m [1;30mINFO[0m Building ROS package in '/home/michael/Documents/AGV/ros-learning/Ros2/src/cpp_pkg' with build type 'ament_cmake'
[0.426s] [34mcolcon.colcon_cmake.task.cmake.build[0m [1;30mINFO[0m Building CMake package in '/home/michael/Documents/AGV/ros-learning/Ros2/src/cpp_pkg'
[0.428s] [34mcolcon.colcon_core.plugin_system[0m [1;30mINFO[0m Skipping extension 'colcon_core.shell.bat': Not used on non-Windows systems
[0.428s] [34mcolcon.colcon_core.shell[0m [1;30mINFO[0m Skip shell extension 'powershell' for command environment: Not usable outside of PowerShell
[0.428s] [34mcolcon.colcon_core.shell[0m [1;30mDEBUG[0m [32mSkip shell extension 'dsv' for command environment[0m
[0.433s] [34mcolcon.colcon_ros.task.ament_python.build[0m [1;30mINFO[0m Building ROS package in '/home/michael/Documents/AGV/ros-learning/Ros2/src/python_pkg' with build type 'ament_python'
[0.433s] [34mcolcon.colcon_core.shell[0m [1;30mLevel 1[0m create_environment_hook('python_pkg', 'ament_prefix_path')
[0.433s] [34mcolcon.colcon_core.shell[0m [1;30mINFO[0m Creating environment hook '/home/michael/Documents/AGV/ros-learning/Ros2/install/python_pkg/share/python_pkg/hook/ament_prefix_path.ps1'
[0.435s] [34mcolcon.colcon_core.shell[0m [1;30mINFO[0m Creating environment descriptor '/home/michael/Documents/AGV/ros-learning/Ros2/install/python_pkg/share/python_pkg/hook/ament_prefix_path.dsv'
[0.436s] [34mcolcon.colcon_core.shell[0m [1;30mINFO[0m Creating environment hook '/home/michael/Documents/AGV/ros-learning/Ros2/install/python_pkg/share/python_pkg/hook/ament_prefix_path.sh'
[0.437s] [34mcolcon.colcon_core.shell[0m [1;30mINFO[0m Skip shell extension 'powershell' for command environment: Not usable outside of PowerShell
[0.437s] [34mcolcon.colcon_core.shell[0m [1;30mDEBUG[0m [32mSkip shell extension 'dsv' for command environment[0m
[0.449s] [34mcolcon.colcon_core.event_handler.log_command[0m [1;30mDEBUG[0m [32mInvoking command in '/home/michael/Documents/AGV/ros-learning/Ros2/build/cpp_pkg': CMAKE_PREFIX_PATH=${CMAKE_PREFIX_PATH}:/home/michael/Documents/AGV/ros-learning/Ros2/install/python_pkg:/opt/ros/humble /usr/bin/cmake /home/michael/Documents/AGV/ros-learning/Ros2/src/cpp_pkg -DCMAKE_INSTALL_PREFIX=/home/michael/Documents/AGV/ros-learning/Ros2/install/cpp_pkg[0m
[0.885s] [34mcolcon.colcon_core.task.python.build[0m [1;30mINFO[0m Building Python package in '/home/michael/Documents/AGV/ros-learning/Ros2/src/python_pkg'
[0.886s] [34mcolcon.colcon_core.shell[0m [1;30mINFO[0m Skip shell extension 'powershell' for command environment: Not usable outside of PowerShell
[0.886s] [34mcolcon.colcon_core.shell[0m [1;30mDEBUG[0m [32mSkip shell extension 'dsv' for command environment[0m
[1.446s] [34mcolcon.colcon_core.event_handler.log_command[0m [1;30mDEBUG[0m [32mInvoking command in '/home/michael/Documents/AGV/ros-learning/Ros2/src/python_pkg': PYTHONPATH=/home/michael/Documents/AGV/ros-learning/Ros2/build/python_pkg/prefix_override:/usr/lib/python3/dist-packages/colcon_core/task/python/colcon_distutils_commands:/home/michael/Documents/AGV/ros-learning/Ros2/install/python_pkg/lib/python3.10/site-packages:${PYTHONPATH} /usr/bin/python3 -W ignore:setup.py install is deprecated -W ignore:easy_install command is deprecated setup.py egg_info --egg-base ../../build/python_pkg build --build-base /home/michael/Documents/AGV/ros-learning/Ros2/build/python_pkg/build install --record /home/michael/Documents/AGV/ros-learning/Ros2/build/python_pkg/install.log --single-version-externally-managed install_data[0m
[1.893s] [34mcolcon.colcon_core.event_handler.log_command[0m [1;30mDEBUG[0m [32mInvoked command in '/home/michael/Documents/AGV/ros-learning/Ros2/src/python_pkg' returned '0': PYTHONPATH=/home/michael/Documents/AGV/ros-learning/Ros2/build/python_pkg/prefix_override:/usr/lib/python3/dist-packages/colcon_core/task/python/colcon_distutils_commands:/home/michael/Documents/AGV/ros-learning/Ros2/install/python_pkg/lib/python3.10/site-packages:${PYTHONPATH} /usr/bin/python3 -W ignore:setup.py install is deprecated -W ignore:easy_install command is deprecated setup.py egg_info --egg-base ../../build/python_pkg build --build-base /home/michael/Documents/AGV/ros-learning/Ros2/build/python_pkg/build install --record /home/michael/Documents/AGV/ros-learning/Ros2/build/python_pkg/install.log --single-version-externally-managed install_data[0m
[1.897s] [34mcolcon.colcon_core.environment[0m [1;30mLevel 1[0m checking '/home/michael/Documents/AGV/ros-learning/Ros2/install/python_pkg' for CMake module files
[1.898s] [34mcolcon.colcon_core.environment[0m [1;30mLevel 1[0m checking '/home/michael/Documents/AGV/ros-learning/Ros2/install/python_pkg' for CMake config files
[1.899s] [34mcolcon.colcon_core.environment[0m [1;30mLevel 1[0m checking '/home/michael/Documents/AGV/ros-learning/Ros2/install/python_pkg/lib'
[1.900s] [34mcolcon.colcon_core.environment[0m [1;30mLevel 1[0m checking '/home/michael/Documents/AGV/ros-learning/Ros2/install/python_pkg/bin'
[1.900s] [34mcolcon.colcon_core.environment[0m [1;30mLevel 1[0m checking '/home/michael/Documents/AGV/ros-learning/Ros2/install/python_pkg/lib/pkgconfig/python_pkg.pc'
[1.901s] [34mcolcon.colcon_core.environment[0m [1;30mLevel 1[0m checking '/home/michael/Documents/AGV/ros-learning/Ros2/install/python_pkg/lib/python3.10/site-packages'
[1.901s] [34mcolcon.colcon_core.shell[0m [1;30mLevel 1[0m create_environment_hook('python_pkg', 'pythonpath')
[1.902s] [34mcolcon.colcon_core.shell[0m [1;30mINFO[0m Creating environment hook '/home/michael/Documents/AGV/ros-learning/Ros2/install/python_pkg/share/python_pkg/hook/pythonpath.ps1'
[1.903s] [34mcolcon.colcon_core.shell[0m [1;30mINFO[0m Creating environment descriptor '/home/michael/Documents/AGV/ros-learning/Ros2/install/python_pkg/share/python_pkg/hook/pythonpath.dsv'
[1.903s] [34mcolcon.colcon_core.shell[0m [1;30mINFO[0m Creating environment hook '/home/michael/Documents/AGV/ros-learning/Ros2/install/python_pkg/share/python_pkg/hook/pythonpath.sh'
[1.904s] [34mcolcon.colcon_core.environment[0m [1;30mLevel 1[0m checking '/home/michael/Documents/AGV/ros-learning/Ros2/install/python_pkg/bin'
[1.904s] [34mcolcon.colcon_core.environment[0m [1;30mLevel 1[0m create_environment_scripts_only(python_pkg)
[1.905s] [34mcolcon.colcon_core.shell[0m [1;30mINFO[0m Creating package script '/home/michael/Documents/AGV/ros-learning/Ros2/install/python_pkg/share/python_pkg/package.ps1'
[1.906s] [34mcolcon.colcon_core.shell[0m [1;30mINFO[0m Creating package descriptor '/home/michael/Documents/AGV/ros-learning/Ros2/install/python_pkg/share/python_pkg/package.dsv'
[1.907s] [34mcolcon.colcon_core.shell[0m [1;30mINFO[0m Creating package script '/home/michael/Documents/AGV/ros-learning/Ros2/install/python_pkg/share/python_pkg/package.sh'
[1.908s] [34mcolcon.colcon_core.shell[0m [1;30mINFO[0m Creating package script '/home/michael/Documents/AGV/ros-learning/Ros2/install/python_pkg/share/python_pkg/package.bash'
[1.909s] [34mcolcon.colcon_core.shell[0m [1;30mINFO[0m Creating package script '/home/michael/Documents/AGV/ros-learning/Ros2/install/python_pkg/share/python_pkg/package.zsh'
[1.910s] [34mcolcon.colcon_core.environment[0m [1;30mLevel 1[0m create_file_with_runtime_dependencies(/home/michael/Documents/AGV/ros-learning/Ros2/install/python_pkg/share/colcon-core/packages/python_pkg)
[2.188s] [34mcolcon.colcon_core.event_handler.log_command[0m [1;30mDEBUG[0m [32mInvoked command in '/home/michael/Documents/AGV/ros-learning/Ros2/build/cpp_pkg' returned '0': CMAKE_PREFIX_PATH=${CMAKE_PREFIX_PATH}:/home/michael/Documents/AGV/ros-learning/Ros2/install/python_pkg:/opt/ros/humble /usr/bin/cmake /home/michael/Documents/AGV/ros-learning/Ros2/src/cpp_pkg -DCMAKE_INSTALL_PREFIX=/home/michael/Documents/AGV/ros-learning/Ros2/install/cpp_pkg[0m
[2.191s] [34mcolcon.colcon_core.event_handler.log_command[0m [1;30mDEBUG[0m [32mInvoking command in '/home/michael/Documents/AGV/ros-learning/Ros2/build/cpp_pkg': CMAKE_PREFIX_PATH=${CMAKE_PREFIX_PATH}:/home/michael/Documents/AGV/ros-learning/Ros2/install/python_pkg:/opt/ros/humble /usr/bin/cmake --build /home/michael/Documents/AGV/ros-learning/Ros2/build/cpp_pkg -- -j4 -l4[0m
[5.628s] [34mcolcon.colcon_core.event_handler.log_command[0m [1;30mDEBUG[0m [32mInvoked command in '/home/michael/Documents/AGV/ros-learning/Ros2/build/cpp_pkg' returned '0': CMAKE_PREFIX_PATH=${CMAKE_PREFIX_PATH}:/home/michael/Documents/AGV/ros-learning/Ros2/install/python_pkg:/opt/ros/humble /usr/bin/cmake --build /home/michael/Documents/AGV/ros-learning/Ros2/build/cpp_pkg -- -j4 -l4[0m
[5.637s] [34mcolcon.colcon_core.event_handler.log_command[0m [1;30mDEBUG[0m [32mInvoking command in '/home/michael/Documents/AGV/ros-learning/Ros2/build/cpp_pkg': CMAKE_PREFIX_PATH=${CMAKE_PREFIX_PATH}:/home/michael/Documents/AGV/ros-learning/Ros2/install/python_pkg:/opt/ros/humble /usr/bin/cmake --install /home/michael/Documents/AGV/ros-learning/Ros2/build/cpp_pkg[0m
[5.647s] [34mcolcon.colcon_core.environment[0m [1;30mLevel 1[0m create_environment_scripts_only(cpp_pkg)
[5.648s] [34mcolcon.colcon_core.environment[0m [1;30mLevel 1[0m checking '/home/michael/Documents/AGV/ros-learning/Ros2/install/cpp_pkg' for CMake module files
[5.648s] [34mcolcon.colcon_core.event_handler.log_command[0m [1;30mDEBUG[0m [32mInvoked command in '/home/michael/Documents/AGV/ros-learning/Ros2/build/cpp_pkg' returned '0': CMAKE_PREFIX_PATH=${CMAKE_PREFIX_PATH}:/home/michael/Documents/AGV/ros-learning/Ros2/install/python_pkg:/opt/ros/humble /usr/bin/cmake --install /home/michael/Documents/AGV/ros-learning/Ros2/build/cpp_pkg[0m
[5.649s] [34mcolcon.colcon_core.environment[0m [1;30mLevel 1[0m checking '/home/michael/Documents/AGV/ros-learning/Ros2/install/cpp_pkg' for CMake config files
[5.649s] [34mcolcon.colcon_core.shell[0m [1;30mLevel 1[0m create_environment_hook('cpp_pkg', 'cmake_prefix_path')
[5.649s] [34mcolcon.colcon_core.shell[0m [1;30mINFO[0m Creating environment hook '/home/michael/Documents/AGV/ros-learning/Ros2/install/cpp_pkg/share/cpp_pkg/hook/cmake_prefix_path.ps1'
[5.650s] [34mcolcon.colcon_core.shell[0m [1;30mINFO[0m Creating environment descriptor '/home/michael/Documents/AGV/ros-learning/Ros2/install/cpp_pkg/share/cpp_pkg/hook/cmake_prefix_path.dsv'
[5.650s] [34mcolcon.colcon_core.shell[0m [1;30mINFO[0m Creating environment hook '/home/michael/Documents/AGV/ros-learning/Ros2/install/cpp_pkg/share/cpp_pkg/hook/cmake_prefix_path.sh'
[5.651s] [34mcolcon.colcon_core.environment[0m [1;30mLevel 1[0m checking '/home/michael/Documents/AGV/ros-learning/Ros2/install/cpp_pkg/lib'
[5.651s] [34mcolcon.colcon_core.environment[0m [1;30mLevel 1[0m checking '/home/michael/Documents/AGV/ros-learning/Ros2/install/cpp_pkg/bin'
[5.651s] [34mcolcon.colcon_core.environment[0m [1;30mLevel 1[0m checking '/home/michael/Documents/AGV/ros-learning/Ros2/install/cpp_pkg/lib/pkgconfig/cpp_pkg.pc'
[5.652s] [34mcolcon.colcon_core.environment[0m [1;30mLevel 1[0m checking '/home/michael/Documents/AGV/ros-learning/Ros2/install/cpp_pkg/lib/python3.10/site-packages'
[5.652s] [34mcolcon.colcon_core.environment[0m [1;30mLevel 1[0m checking '/home/michael/Documents/AGV/ros-learning/Ros2/install/cpp_pkg/bin'
[5.652s] [34mcolcon.colcon_core.shell[0m [1;30mINFO[0m Creating package script '/home/michael/Documents/AGV/ros-learning/Ros2/install/cpp_pkg/share/cpp_pkg/package.ps1'
[5.653s] [34mcolcon.colcon_core.shell[0m [1;30mINFO[0m Creating package descriptor '/home/michael/Documents/AGV/ros-learning/Ros2/install/cpp_pkg/share/cpp_pkg/package.dsv'
[5.653s] [34mcolcon.colcon_core.shell[0m [1;30mINFO[0m Creating package script '/home/michael/Documents/AGV/ros-learning/Ros2/install/cpp_pkg/share/cpp_pkg/package.sh'
[5.654s] [34mcolcon.colcon_core.shell[0m [1;30mINFO[0m Creating package script '/home/michael/Documents/AGV/ros-learning/Ros2/install/cpp_pkg/share/cpp_pkg/package.bash'
[5.654s] [34mcolcon.colcon_core.shell[0m [1;30mINFO[0m Creating package script '/home/michael/Documents/AGV/ros-learning/Ros2/install/cpp_pkg/share/cpp_pkg/package.zsh'
[5.655s] [34mcolcon.colcon_core.environment[0m [1;30mLevel 1[0m create_file_with_runtime_dependencies(/home/michael/Documents/AGV/ros-learning/Ros2/install/cpp_pkg/share/colcon-core/packages/cpp_pkg)
[5.655s] [34mcolcon.colcon_core.environment[0m [1;30mLevel 1[0m create_environment_scripts_only(cpp_pkg)
[5.656s] [34mcolcon.colcon_core.environment[0m [1;30mLevel 1[0m checking '/home/michael/Documents/AGV/ros-learning/Ros2/install/cpp_pkg' for CMake module files
[5.656s] [34mcolcon.colcon_core.environment[0m [1;30mLevel 1[0m checking '/home/michael/Documents/AGV/ros-learning/Ros2/install/cpp_pkg' for CMake config files
[5.656s] [34mcolcon.colcon_core.shell[0m [1;30mLevel 1[0m create_environment_hook('cpp_pkg', 'cmake_prefix_path')
[5.657s] [34mcolcon.colcon_core.shell[0m [1;30mINFO[0m Creating environment hook '/home/michael/Documents/AGV/ros-learning/Ros2/install/cpp_pkg/share/cpp_pkg/hook/cmake_prefix_path.ps1'
[5.657s] [34mcolcon.colcon_core.shell[0m [1;30mINFO[0m Creating environment descriptor '/home/michael/Documents/AGV/ros-learning/Ros2/install/cpp_pkg/share/cpp_pkg/hook/cmake_prefix_path.dsv'
[5.658s] [34mcolcon.colcon_core.shell[0m [1;30mINFO[0m Creating environment hook '/home/michael/Documents/AGV/ros-learning/Ros2/install/cpp_pkg/share/cpp_pkg/hook/cmake_prefix_path.sh'
[5.658s] [34mcolcon.colcon_core.environment[0m [1;30mLevel 1[0m checking '/home/michael/Documents/AGV/ros-learning/Ros2/install/cpp_pkg/lib'
[5.659s] [34mcolcon.colcon_core.environment[0m [1;30mLevel 1[0m checking '/home/michael/Documents/AGV/ros-learning/Ros2/install/cpp_pkg/bin'
[5.659s] [34mcolcon.colcon_core.environment[0m [1;30mLevel 1[0m checking '/home/michael/Documents/AGV/ros-learning/Ros2/install/cpp_pkg/lib/pkgconfig/cpp_pkg.pc'
[5.659s] [34mcolcon.colcon_core.environment[0m [1;30mLevel 1[0m checking '/home/michael/Documents/AGV/ros-learning/Ros2/install/cpp_pkg/lib/python3.10/site-packages'
[5.659s] [34mcolcon.colcon_core.environment[0m [1;30mLevel 1[0m checking '/home/michael/Documents/AGV/ros-learning/Ros2/install/cpp_pkg/bin'
[5.660s] [34mcolcon.colcon_core.shell[0m [1;30mINFO[0m Creating package script '/home/michael/Documents/AGV/ros-learning/Ros2/install/cpp_pkg/share/cpp_pkg/package.ps1'
[5.660s] [34mcolcon.colcon_core.shell[0m [1;30mINFO[0m Creating package descriptor '/home/michael/Documents/AGV/ros-learning/Ros2/install/cpp_pkg/share/cpp_pkg/package.dsv'
[5.661s] [34mcolcon.colcon_core.shell[0m [1;30mINFO[0m Creating package script '/home/michael/Documents/AGV/ros-learning/Ros2/install/cpp_pkg/share/cpp_pkg/package.sh'
[5.662s] [34mcolcon.colcon_core.shell[0m [1;30mINFO[0m Creating package script '/home/michael/Documents/AGV/ros-learning/Ros2/install/cpp_pkg/share/cpp_pkg/package.bash'
[5.662s] [34mcolcon.colcon_core.shell[0m [1;30mINFO[0m Creating package script '/home/michael/Documents/AGV/ros-learning/Ros2/install/cpp_pkg/share/cpp_pkg/package.zsh'
[5.663s] [34mcolcon.colcon_core.environment[0m [1;30mLevel 1[0m create_file_with_runtime_dependencies(/home/michael/Documents/AGV/ros-learning/Ros2/install/cpp_pkg/share/colcon-core/packages/cpp_pkg)
[5.663s] [34mcolcon.colcon_parallel_executor.executor.parallel[0m [1;30mDEBUG[0m [32mclosing loop[0m
[5.663s] [34mcolcon.colcon_parallel_executor.executor.parallel[0m [1;30mDEBUG[0m [32mloop closed[0m
[5.664s] [34mcolcon.colcon_parallel_executor.executor.parallel[0m [1;30mDEBUG[0m [32mrun_until_complete finished with '0'[0m
[5.664s] [34mcolcon.colcon_core.event_reactor[0m [1;30mDEBUG[0m [32mjoining thread[0m
[5.672s] [34mcolcon.colcon_core.plugin_system[0m [1;30mINFO[0m Skipping extension 'colcon_notification.desktop_notification.terminal_notifier': Not used on non-Darwin systems
[5.672s] [34mcolcon.colcon_core.plugin_system[0m [1;30mINFO[0m Skipping extension 'colcon_notification.desktop_notification.win32': Not used on non-Windows systems
[5.672s] [34mcolcon.colcon_notification.desktop_notification[0m [1;30mINFO[0m Sending desktop notification using 'notify2'
[5.688s] [34mcolcon.colcon_core.event_reactor[0m [1;30mDEBUG[0m [32mjoined thread[0m
[5.689s] [34mcolcon.colcon_core.shell[0m [1;30mINFO[0m Creating prefix script '/home/michael/Documents/AGV/ros-learning/Ros2/install/local_setup.ps1'
[5.691s] [34mcolcon.colcon_core.shell[0m [1;30mINFO[0m Creating prefix util module '/home/michael/Documents/AGV/ros-learning/Ros2/install/_local_setup_util_ps1.py'
[5.694s] [34mcolcon.colcon_core.shell[0m [1;30mINFO[0m Creating prefix chain script '/home/michael/Documents/AGV/ros-learning/Ros2/install/setup.ps1'
[5.695s] [34mcolcon.colcon_core.shell[0m [1;30mINFO[0m Creating prefix script '/home/michael/Documents/AGV/ros-learning/Ros2/install/local_setup.sh'
[5.696s] [34mcolcon.colcon_core.shell[0m [1;30mINFO[0m Creating prefix util module '/home/michael/Documents/AGV/ros-learning/Ros2/install/_local_setup_util_sh.py'
[5.698s] [34mcolcon.colcon_core.shell[0m [1;30mINFO[0m Creating prefix chain script '/home/michael/Documents/AGV/ros-learning/Ros2/install/setup.sh'
[5.699s] [34mcolcon.colcon_core.shell[0m [1;30mINFO[0m Creating prefix script '/home/michael/Documents/AGV/ros-learning/Ros2/install/local_setup.bash'
[5.700s] [34mcolcon.colcon_core.shell[0m [1;30mINFO[0m Creating prefix chain script '/home/michael/Documents/AGV/ros-learning/Ros2/install/setup.bash'
[5.702s] [34mcolcon.colcon_core.shell[0m [1;30mINFO[0m Creating prefix script '/home/michael/Documents/AGV/ros-learning/Ros2/install/local_setup.zsh'
[5.702s] [34mcolcon.colcon_core.shell[0m [1;30mINFO[0m Creating prefix chain script '/home/michael/Documents/AGV/ros-learning/Ros2/install/setup.zsh'
