[0.967s] Invoking command in '/home/michael/Documents/Ros2Humble/src/python_pkg': PYTHONPATH=/home/michael/Documents/Ros2Humble/build/python_pkg/prefix_override:/usr/lib/python3/dist-packages/colcon_core/task/python/colcon_distutils_commands:/home/michael/Documents/Ros2Humble/install/python_pkg/lib/python3.10/site-packages:${PYTHONPATH} /usr/bin/python3 -W ignore:setup.py install is deprecated -W ignore:easy_install command is deprecated setup.py egg_info --egg-base ../../build/python_pkg build --build-base /home/michael/Documents/Ros2Humble/build/python_pkg/build install --record /home/michael/Documents/Ros2Humble/build/python_pkg/install.log --single-version-externally-managed install_data
[1.166s] /home/michael/.local/lib/python3.10/site-packages/setuptools/_distutils/dist.py:261: UserWarning: Unknown distribution option: 'tests_require'
[1.166s]   warnings.warn(msg)
[1.303s] running egg_info
[1.322s] creating ../../build/python_pkg/python_pkg.egg-info
[1.322s] writing ../../build/python_pkg/python_pkg.egg-info/PKG-INFO
[1.322s] writing dependency_links to ../../build/python_pkg/python_pkg.egg-info/dependency_links.txt
[1.322s] writing entry points to ../../build/python_pkg/python_pkg.egg-info/entry_points.txt
[1.322s] writing requirements to ../../build/python_pkg/python_pkg.egg-info/requires.txt
[1.323s] writing top-level names to ../../build/python_pkg/python_pkg.egg-info/top_level.txt
[1.323s] writing manifest file '../../build/python_pkg/python_pkg.egg-info/SOURCES.txt'
[1.371s] reading manifest file '../../build/python_pkg/python_pkg.egg-info/SOURCES.txt'
[1.372s] Traceback (most recent call last):
[1.372s]   File "/home/michael/Documents/Ros2Humble/src/python_pkg/setup.py", line 5, in <module>
[1.372s]     setup(
[1.372s]   File "/home/michael/.local/lib/python3.10/site-packages/setuptools/__init__.py", line 117, in setup
[1.372s]     return distutils.core.setup(**attrs)
[1.372s]   File "/home/michael/.local/lib/python3.10/site-packages/setuptools/_distutils/core.py", line 183, in setup
[1.372s]     return run_commands(dist)
[1.372s]   File "/home/michael/.local/lib/python3.10/site-packages/setuptools/_distutils/core.py", line 199, in run_commands
[1.372s]     dist.run_commands()
[1.373s]   File "/home/michael/.local/lib/python3.10/site-packages/setuptools/_distutils/dist.py", line 954, in run_commands
[1.373s]     self.run_command(cmd)
[1.373s]   File "/home/michael/.local/lib/python3.10/site-packages/setuptools/dist.py", line 995, in run_command
[1.373s]     super().run_command(command)
[1.373s]   File "/home/michael/.local/lib/python3.10/site-packages/setuptools/_distutils/dist.py", line 973, in run_command
[1.373s]     cmd_obj.run()
[1.373s]   File "/home/michael/.local/lib/python3.10/site-packages/setuptools/command/egg_info.py", line 313, in run
[1.373s]     self.find_sources()
[1.373s]   File "/home/michael/.local/lib/python3.10/site-packages/setuptools/command/egg_info.py", line 321, in find_sources
[1.374s]     mm.run()
[1.374s]   File "/home/michael/.local/lib/python3.10/site-packages/setuptools/command/egg_info.py", line 549, in run
[1.374s]     self.prune_file_list()
[1.374s]   File "/home/michael/.local/lib/python3.10/site-packages/setuptools/command/sdist.py", line 162, in prune_file_list
[1.374s]     super().prune_file_list()
[1.374s]   File "/home/michael/.local/lib/python3.10/site-packages/setuptools/_distutils/command/sdist.py", line 380, in prune_file_list
[1.374s]     base_dir = self.distribution.get_fullname()
[1.374s]   File "/home/michael/.local/lib/python3.10/site-packages/setuptools/_core_metadata.py", line 267, in get_fullname
[1.374s]     return _distribution_fullname(self.get_name(), self.get_version())
[1.374s]   File "/home/michael/.local/lib/python3.10/site-packages/setuptools/_core_metadata.py", line 285, in _distribution_fullname
[1.374s]     canonicalize_version(version, strip_trailing_zero=False),
[1.374s] TypeError: canonicalize_version() got an unexpected keyword argument 'strip_trailing_zero'
[1.409s] Invoked command in '/home/michael/Documents/Ros2Humble/src/python_pkg' returned '1': PYTHONPATH=/home/michael/Documents/Ros2Humble/build/python_pkg/prefix_override:/usr/lib/python3/dist-packages/colcon_core/task/python/colcon_distutils_commands:/home/michael/Documents/Ros2Humble/install/python_pkg/lib/python3.10/site-packages:${PYTHONPATH} /usr/bin/python3 -W ignore:setup.py install is deprecated -W ignore:easy_install command is deprecated setup.py egg_info --egg-base ../../build/python_pkg build --build-base /home/michael/Documents/Ros2Humble/build/python_pkg/build install --record /home/michael/Documents/Ros2Humble/build/python_pkg/install.log --single-version-externally-managed install_data
