[0.612s] Invoking command in '/home/michael/Documents/Ros2Humble/src/python_pkg': PYTHONPATH=/home/michael/Documents/Ros2Humble/build/python_pkg/prefix_override:/usr/lib/python3/dist-packages/colcon_core/task/python/colcon_distutils_commands:/home/michael/Documents/Ros2Humble/install/python_pkg/lib/python3.10/site-packages:${PYTHONPATH} /usr/bin/python3 -W ignore:setup.py install is deprecated -W ignore:easy_install command is deprecated setup.py egg_info --egg-base ../../build/python_pkg build --build-base /home/michael/Documents/Ros2Humble/build/python_pkg/build install --record /home/michael/Documents/Ros2Humble/build/python_pkg/install.log --single-version-externally-managed install_data
[0.858s] running egg_info
[0.859s] writing ../../build/python_pkg/python_pkg.egg-info/PKG-INFO
[0.859s] writing dependency_links to ../../build/python_pkg/python_pkg.egg-info/dependency_links.txt
[0.859s] writing entry points to ../../build/python_pkg/python_pkg.egg-info/entry_points.txt
[0.859s] writing requirements to ../../build/python_pkg/python_pkg.egg-info/requires.txt
[0.859s] writing top-level names to ../../build/python_pkg/python_pkg.egg-info/top_level.txt
[0.861s] reading manifest file '../../build/python_pkg/python_pkg.egg-info/SOURCES.txt'
[0.862s] writing manifest file '../../build/python_pkg/python_pkg.egg-info/SOURCES.txt'
[0.862s] running build
[0.862s] running build_py
[0.862s] running install
[0.862s] running install_lib
[0.864s] running install_data
[0.864s] running install_egg_info
[0.866s] removing '/home/michael/Documents/Ros2Humble/install/python_pkg/lib/python3.10/site-packages/python_pkg-0.0.0-py3.10.egg-info' (and everything under it)
[0.866s] Copying ../../build/python_pkg/python_pkg.egg-info to /home/michael/Documents/Ros2Humble/install/python_pkg/lib/python3.10/site-packages/python_pkg-0.0.0-py3.10.egg-info
[0.867s] running install_scripts
[0.890s] writing list of installed files to '/home/michael/Documents/Ros2Humble/build/python_pkg/install.log'
[0.917s] Invoked command in '/home/michael/Documents/Ros2Humble/src/python_pkg' returned '0': PYTHONPATH=/home/michael/Documents/Ros2Humble/build/python_pkg/prefix_override:/usr/lib/python3/dist-packages/colcon_core/task/python/colcon_distutils_commands:/home/michael/Documents/Ros2Humble/install/python_pkg/lib/python3.10/site-packages:${PYTHONPATH} /usr/bin/python3 -W ignore:setup.py install is deprecated -W ignore:easy_install command is deprecated setup.py egg_info --egg-base ../../build/python_pkg build --build-base /home/michael/Documents/Ros2Humble/build/python_pkg/build install --record /home/michael/Documents/Ros2Humble/build/python_pkg/install.log --single-version-externally-managed install_data
