[0.022s] Invoking command in '/home/michael/Documents/AGV/ros-learning/Ros2/build/cpp_pkg': CMAKE_PREFIX_PATH=${CMAKE_PREFIX_PATH}:/home/michael/Documents/AGV/ros-learning/Ros2/install/python_pkg:/opt/ros/humble /usr/bin/cmake /home/michael/Documents/AGV/ros-learning/Ros2/src/cpp_pkg -DCMAKE_INSTALL_PREFIX=/home/michael/Documents/AGV/ros-learning/Ros2/install/cpp_pkg
[0.154s] -- The C compiler identification is GNU 11.4.0
[0.256s] -- The CXX compiler identification is GNU 11.4.0
[0.275s] -- Detecting C compiler ABI info
[0.370s] -- Detecting C compiler ABI info - done
[0.382s] -- Check for working C compiler: /usr/bin/cc - skipped
[0.382s] -- Detecting C compile features
[0.383s] -- Detecting C compile features - done
[0.390s] -- Detecting CXX compiler ABI info
[0.514s] -- Detecting CXX compiler ABI info - done
[0.528s] -- Check for working CXX compiler: /usr/bin/c++ - skipped
[0.529s] -- Detecting CXX compile features
[0.530s] -- Detecting CXX compile features - done
[0.544s] -- Found ament_cmake: 1.3.11 (/opt/ros/humble/share/ament_cmake/cmake)
[0.727s] -- Found Python3: /usr/bin/python3 (found version "3.10.12") found components: Interpreter 
[0.888s] -- Found rclcpp: 16.0.12 (/opt/ros/humble/share/rclcpp/cmake)
[0.974s] -- Found rosidl_generator_c: 3.1.6 (/opt/ros/humble/share/rosidl_generator_c/cmake)
[0.982s] -- Found rosidl_adapter: 3.1.6 (/opt/ros/humble/share/rosidl_adapter/cmake)
[0.995s] -- Found rosidl_generator_cpp: 3.1.6 (/opt/ros/humble/share/rosidl_generator_cpp/cmake)
[1.028s] -- Using all available rosidl_typesupport_c: rosidl_typesupport_fastrtps_c;rosidl_typesupport_introspection_c
[1.078s] -- Using all available rosidl_typesupport_cpp: rosidl_typesupport_fastrtps_cpp;rosidl_typesupport_introspection_cpp
[1.170s] -- Found rmw_implementation_cmake: 6.1.2 (/opt/ros/humble/share/rmw_implementation_cmake/cmake)
[1.175s] -- Found rmw_fastrtps_cpp: 6.2.7 (/opt/ros/humble/share/rmw_fastrtps_cpp/cmake)
[1.282s] -- Found OpenSSL: /usr/lib/x86_64-linux-gnu/libcrypto.so (found version "3.0.2")  
[1.313s] -- Found FastRTPS: /opt/ros/humble/include  
[1.378s] -- Using RMW implementation 'rmw_fastrtps_cpp' as default
[1.390s] -- Looking for pthread.h
[1.487s] -- Looking for pthread.h - found
[1.488s] -- Performing Test CMAKE_HAVE_LIBC_PTHREAD
[1.578s] -- Performing Test CMAKE_HAVE_LIBC_PTHREAD - Success
[1.579s] -- Found Threads: TRUE  
[1.732s] -- Configuring done
[1.743s] -- Generating done
[1.749s] -- Build files have been written to: /home/michael/Documents/AGV/ros-learning/Ros2/build/cpp_pkg
[1.761s] Invoked command in '/home/michael/Documents/AGV/ros-learning/Ros2/build/cpp_pkg' returned '0': CMAKE_PREFIX_PATH=${CMAKE_PREFIX_PATH}:/home/michael/Documents/AGV/ros-learning/Ros2/install/python_pkg:/opt/ros/humble /usr/bin/cmake /home/michael/Documents/AGV/ros-learning/Ros2/src/cpp_pkg -DCMAKE_INSTALL_PREFIX=/home/michael/Documents/AGV/ros-learning/Ros2/install/cpp_pkg
[1.764s] Invoking command in '/home/michael/Documents/AGV/ros-learning/Ros2/build/cpp_pkg': CMAKE_PREFIX_PATH=${CMAKE_PREFIX_PATH}:/home/michael/Documents/AGV/ros-learning/Ros2/install/python_pkg:/opt/ros/humble /usr/bin/cmake --build /home/michael/Documents/AGV/ros-learning/Ros2/build/cpp_pkg -- -j4 -l4
[1.808s] [ 50%] [32mBuilding CXX object CMakeFiles/cpp_node.dir/src/first_node.cpp.o[0m
[5.038s] [100%] [32m[1mLinking CXX executable cpp_node[0m
[5.188s] [100%] Built target cpp_node
[5.201s] Invoked command in '/home/michael/Documents/AGV/ros-learning/Ros2/build/cpp_pkg' returned '0': CMAKE_PREFIX_PATH=${CMAKE_PREFIX_PATH}:/home/michael/Documents/AGV/ros-learning/Ros2/install/python_pkg:/opt/ros/humble /usr/bin/cmake --build /home/michael/Documents/AGV/ros-learning/Ros2/build/cpp_pkg -- -j4 -l4
[5.210s] Invoking command in '/home/michael/Documents/AGV/ros-learning/Ros2/build/cpp_pkg': CMAKE_PREFIX_PATH=${CMAKE_PREFIX_PATH}:/home/michael/Documents/AGV/ros-learning/Ros2/install/python_pkg:/opt/ros/humble /usr/bin/cmake --install /home/michael/Documents/AGV/ros-learning/Ros2/build/cpp_pkg
[5.216s] -- Install configuration: ""
[5.216s] -- Installing: /home/michael/Documents/AGV/ros-learning/Ros2/install/cpp_pkg/lib/cpp_pkg/cpp_node
[5.217s] -- Set runtime path of "/home/michael/Documents/AGV/ros-learning/Ros2/install/cpp_pkg/lib/cpp_pkg/cpp_node" to ""
[5.217s] -- Installing: /home/michael/Documents/AGV/ros-learning/Ros2/install/cpp_pkg/share/ament_index/resource_index/package_run_dependencies/cpp_pkg
[5.217s] -- Installing: /home/michael/Documents/AGV/ros-learning/Ros2/install/cpp_pkg/share/ament_index/resource_index/parent_prefix_path/cpp_pkg
[5.218s] -- Installing: /home/michael/Documents/AGV/ros-learning/Ros2/install/cpp_pkg/share/cpp_pkg/environment/ament_prefix_path.sh
[5.218s] -- Installing: /home/michael/Documents/AGV/ros-learning/Ros2/install/cpp_pkg/share/cpp_pkg/environment/ament_prefix_path.dsv
[5.218s] -- Installing: /home/michael/Documents/AGV/ros-learning/Ros2/install/cpp_pkg/share/cpp_pkg/environment/path.sh
[5.218s] -- Installing: /home/michael/Documents/AGV/ros-learning/Ros2/install/cpp_pkg/share/cpp_pkg/environment/path.dsv
[5.218s] -- Installing: /home/michael/Documents/AGV/ros-learning/Ros2/install/cpp_pkg/share/cpp_pkg/local_setup.bash
[5.218s] -- Installing: /home/michael/Documents/AGV/ros-learning/Ros2/install/cpp_pkg/share/cpp_pkg/local_setup.sh
[5.218s] -- Installing: /home/michael/Documents/AGV/ros-learning/Ros2/install/cpp_pkg/share/cpp_pkg/local_setup.zsh
[5.219s] -- Installing: /home/michael/Documents/AGV/ros-learning/Ros2/install/cpp_pkg/share/cpp_pkg/local_setup.dsv
[5.219s] -- Installing: /home/michael/Documents/AGV/ros-learning/Ros2/install/cpp_pkg/share/cpp_pkg/package.dsv
[5.219s] -- Installing: /home/michael/Documents/AGV/ros-learning/Ros2/install/cpp_pkg/share/ament_index/resource_index/packages/cpp_pkg
[5.219s] -- Installing: /home/michael/Documents/AGV/ros-learning/Ros2/install/cpp_pkg/share/cpp_pkg/cmake/cpp_pkgConfig.cmake
[5.219s] -- Installing: /home/michael/Documents/AGV/ros-learning/Ros2/install/cpp_pkg/share/cpp_pkg/cmake/cpp_pkgConfig-version.cmake
[5.219s] -- Up-to-date: /home/michael/Documents/AGV/ros-learning/Ros2/install/cpp_pkg/share/cpp_pkg/package.xml
[5.222s] Invoked command in '/home/michael/Documents/AGV/ros-learning/Ros2/build/cpp_pkg' returned '0': CMAKE_PREFIX_PATH=${CMAKE_PREFIX_PATH}:/home/michael/Documents/AGV/ros-learning/Ros2/install/python_pkg:/opt/ros/humble /usr/bin/cmake --install /home/michael/Documents/AGV/ros-learning/Ros2/build/cpp_pkg
