[0.018s] Invoking command in '/home/michael/Documents/AGV/ros-learning/ros2/build/cpp_pkg': CMAKE_PREFIX_PATH=/opt/ros/humble /usr/bin/cmake /home/michael/Documents/AGV/ros-learning/ros2/src/cpp_pkg -DCMAKE_INSTALL_PREFIX=/home/michael/Documents/AGV/ros-learning/ros2/install/cpp_pkg
[0.116s] -- The C compiler identification is GNU 11.4.0
[0.195s] -- The CXX compiler identification is GNU 11.4.0
[0.206s] -- Detecting C compiler ABI info
[0.307s] -- Detecting C compiler ABI info - done
[0.335s] -- Check for working C compiler: /usr/bin/cc - skipped
[0.336s] -- Detecting C compile features
[0.337s] -- Detecting C compile features - done
[0.342s] -- Detecting CXX compiler ABI info
[0.424s] -- Detecting CXX compiler ABI info - done
[0.437s] -- Check for working CXX compiler: /usr/bin/c++ - skipped
[0.437s] -- Detecting CXX compile features
[0.438s] -- Detecting CXX compile features - done
[0.444s] -- Found ament_cmake: 1.3.11 (/opt/ros/humble/share/ament_cmake/cmake)
[0.611s] -- Found Python3: /usr/bin/python3 (found version "3.10.12") found components: Interpreter 
[0.788s] -- Found rclcpp: 16.0.12 (/opt/ros/humble/share/rclcpp/cmake)
[0.863s] -- Found rosidl_generator_c: 3.1.6 (/opt/ros/humble/share/rosidl_generator_c/cmake)
[0.871s] -- Found rosidl_adapter: 3.1.6 (/opt/ros/humble/share/rosidl_adapter/cmake)
[0.885s] -- Found rosidl_generator_cpp: 3.1.6 (/opt/ros/humble/share/rosidl_generator_cpp/cmake)
[0.904s] -- Using all available rosidl_typesupport_c: rosidl_typesupport_fastrtps_c;rosidl_typesupport_introspection_c
[0.941s] -- Using all available rosidl_typesupport_cpp: rosidl_typesupport_fastrtps_cpp;rosidl_typesupport_introspection_cpp
[0.996s] -- Found rmw_implementation_cmake: 6.1.2 (/opt/ros/humble/share/rmw_implementation_cmake/cmake)
[0.999s] -- Found rmw_fastrtps_cpp: 6.2.7 (/opt/ros/humble/share/rmw_fastrtps_cpp/cmake)
[1.110s] -- Found OpenSSL: /usr/lib/x86_64-linux-gnu/libcrypto.so (found version "3.0.2")  
[1.151s] -- Found FastRTPS: /opt/ros/humble/include  
[1.198s] -- Using RMW implementation 'rmw_fastrtps_cpp' as default
[1.211s] -- Looking for pthread.h
[1.308s] -- Looking for pthread.h - found
[1.308s] -- Performing Test CMAKE_HAVE_LIBC_PTHREAD
[1.417s] -- Performing Test CMAKE_HAVE_LIBC_PTHREAD - Success
[1.419s] -- Found Threads: TRUE  
[1.584s] -- Configuring done
[1.594s] -- Generating done
[1.599s] -- Build files have been written to: /home/michael/Documents/AGV/ros-learning/ros2/build/cpp_pkg
[1.608s] Invoked command in '/home/michael/Documents/AGV/ros-learning/ros2/build/cpp_pkg' returned '0': CMAKE_PREFIX_PATH=/opt/ros/humble /usr/bin/cmake /home/michael/Documents/AGV/ros-learning/ros2/src/cpp_pkg -DCMAKE_INSTALL_PREFIX=/home/michael/Documents/AGV/ros-learning/ros2/install/cpp_pkg
[1.610s] Invoking command in '/home/michael/Documents/AGV/ros-learning/ros2/build/cpp_pkg': CMAKE_PREFIX_PATH=/opt/ros/humble /usr/bin/cmake --build /home/michael/Documents/AGV/ros-learning/ros2/build/cpp_pkg -- -j4 -l4
[1.660s] [ 50%] [32mBuilding CXX object CMakeFiles/cpp_node.dir/src/first_node.cpp.o[0m
[5.178s] [100%] [32m[1mLinking CXX executable cpp_node[0m
[5.330s] [100%] Built target cpp_node
[5.348s] Invoked command in '/home/michael/Documents/AGV/ros-learning/ros2/build/cpp_pkg' returned '0': CMAKE_PREFIX_PATH=/opt/ros/humble /usr/bin/cmake --build /home/michael/Documents/AGV/ros-learning/ros2/build/cpp_pkg -- -j4 -l4
[5.356s] Invoking command in '/home/michael/Documents/AGV/ros-learning/ros2/build/cpp_pkg': CMAKE_PREFIX_PATH=/opt/ros/humble /usr/bin/cmake --install /home/michael/Documents/AGV/ros-learning/ros2/build/cpp_pkg
[5.363s] -- Install configuration: ""
[5.363s] -- Installing: /home/michael/Documents/AGV/ros-learning/ros2/install/cpp_pkg/lib/cpp_pkg/cpp_node
[5.364s] -- Set runtime path of "/home/michael/Documents/AGV/ros-learning/ros2/install/cpp_pkg/lib/cpp_pkg/cpp_node" to ""
[5.364s] -- Installing: /home/michael/Documents/AGV/ros-learning/ros2/install/cpp_pkg/share/ament_index/resource_index/package_run_dependencies/cpp_pkg
[5.364s] -- Installing: /home/michael/Documents/AGV/ros-learning/ros2/install/cpp_pkg/share/ament_index/resource_index/parent_prefix_path/cpp_pkg
[5.364s] -- Up-to-date: /home/michael/Documents/AGV/ros-learning/ros2/install/cpp_pkg/share/cpp_pkg/environment/ament_prefix_path.sh
[5.365s] -- Installing: /home/michael/Documents/AGV/ros-learning/ros2/install/cpp_pkg/share/cpp_pkg/environment/ament_prefix_path.dsv
[5.365s] -- Up-to-date: /home/michael/Documents/AGV/ros-learning/ros2/install/cpp_pkg/share/cpp_pkg/environment/path.sh
[5.365s] -- Installing: /home/michael/Documents/AGV/ros-learning/ros2/install/cpp_pkg/share/cpp_pkg/environment/path.dsv
[5.365s] -- Installing: /home/michael/Documents/AGV/ros-learning/ros2/install/cpp_pkg/share/cpp_pkg/local_setup.bash
[5.365s] -- Installing: /home/michael/Documents/AGV/ros-learning/ros2/install/cpp_pkg/share/cpp_pkg/local_setup.sh
[5.365s] -- Installing: /home/michael/Documents/AGV/ros-learning/ros2/install/cpp_pkg/share/cpp_pkg/local_setup.zsh
[5.366s] -- Installing: /home/michael/Documents/AGV/ros-learning/ros2/install/cpp_pkg/share/cpp_pkg/local_setup.dsv
[5.366s] -- Installing: /home/michael/Documents/AGV/ros-learning/ros2/install/cpp_pkg/share/cpp_pkg/package.dsv
[5.366s] -- Installing: /home/michael/Documents/AGV/ros-learning/ros2/install/cpp_pkg/share/ament_index/resource_index/packages/cpp_pkg
[5.367s] -- Installing: /home/michael/Documents/AGV/ros-learning/ros2/install/cpp_pkg/share/cpp_pkg/cmake/cpp_pkgConfig.cmake
[5.367s] -- Installing: /home/michael/Documents/AGV/ros-learning/ros2/install/cpp_pkg/share/cpp_pkg/cmake/cpp_pkgConfig-version.cmake
[5.367s] -- Up-to-date: /home/michael/Documents/AGV/ros-learning/ros2/install/cpp_pkg/share/cpp_pkg/package.xml
[5.369s] Invoked command in '/home/michael/Documents/AGV/ros-learning/ros2/build/cpp_pkg' returned '0': CMAKE_PREFIX_PATH=/opt/ros/humble /usr/bin/cmake --install /home/michael/Documents/AGV/ros-learning/ros2/build/cpp_pkg
