[0.017s] Invoking command in '/home/michael/Documents/Ros2Humble/build/cpp_pkg': CMAKE_PREFIX_PATH=/opt/ros/humble /usr/bin/cmake /home/michael/Documents/Ros2Humble/src/cpp_pkg -DCMAKE_INSTALL_PREFIX=/home/michael/Documents/Ros2Humble/install/cpp_pkg
[0.100s] -- The C compiler identification is GNU 11.4.0
[0.174s] -- The CXX compiler identification is GNU 11.4.0
[0.182s] -- Detecting C compiler ABI info
[0.246s] -- Detecting C compiler ABI info - done
[0.254s] -- Check for working C compiler: /usr/bin/cc - skipped
[0.254s] -- Detecting C compile features
[0.255s] -- Detecting C compile features - done
[0.258s] -- Detecting CXX compiler ABI info
[0.359s] -- Detecting CXX compiler ABI info - done
[0.372s] -- Check for working CXX compiler: /usr/bin/c++ - skipped
[0.372s] -- Detecting CXX compile features
[0.373s] -- Detecting CXX compile features - done
[0.379s] -- Found ament_cmake: 1.3.11 (/opt/ros/humble/share/ament_cmake/cmake)
[0.562s] -- Found Python3: /usr/bin/python3 (found version "3.10.12") found components: Interpreter 
[0.673s] -- Found rclcpp: 16.0.11 (/opt/ros/humble/share/rclcpp/cmake)
[0.730s] -- Found rosidl_generator_c: 3.1.6 (/opt/ros/humble/share/rosidl_generator_c/cmake)
[0.735s] -- Found rosidl_adapter: 3.1.6 (/opt/ros/humble/share/rosidl_adapter/cmake)
[0.747s] -- Found rosidl_generator_cpp: 3.1.6 (/opt/ros/humble/share/rosidl_generator_cpp/cmake)
[0.764s] -- Using all available rosidl_typesupport_c: rosidl_typesupport_fastrtps_c;rosidl_typesupport_introspection_c
[0.782s] -- Using all available rosidl_typesupport_cpp: rosidl_typesupport_fastrtps_cpp;rosidl_typesupport_introspection_cpp
[0.834s] -- Found rmw_implementation_cmake: 6.1.2 (/opt/ros/humble/share/rmw_implementation_cmake/cmake)
[0.838s] -- Found rmw_fastrtps_cpp: 6.2.7 (/opt/ros/humble/share/rmw_fastrtps_cpp/cmake)
[0.928s] -- Found OpenSSL: /usr/lib/x86_64-linux-gnu/libcrypto.so (found version "3.0.2")  
[0.952s] -- Found FastRTPS: /opt/ros/humble/include  
[0.997s] -- Using RMW implementation 'rmw_fastrtps_cpp' as default
[1.006s] -- Looking for pthread.h
[1.085s] -- Looking for pthread.h - found
[1.086s] -- Performing Test CMAKE_HAVE_LIBC_PTHREAD
[1.153s] -- Performing Test CMAKE_HAVE_LIBC_PTHREAD - Success
[1.154s] -- Found Threads: TRUE  
[1.216s] -- Found ament_lint_auto: 0.12.11 (/opt/ros/humble/share/ament_lint_auto/cmake)
[1.294s] -- Added test 'lint_cmake' to check CMake code style
[1.295s] -- Added test 'xmllint' to check XML markup files
[1.296s] -- Configuring done
[1.300s] -- Generating done
[1.302s] -- Build files have been written to: /home/michael/Documents/Ros2Humble/build/cpp_pkg
[1.311s] Invoked command in '/home/michael/Documents/Ros2Humble/build/cpp_pkg' returned '0': CMAKE_PREFIX_PATH=/opt/ros/humble /usr/bin/cmake /home/michael/Documents/Ros2Humble/src/cpp_pkg -DCMAKE_INSTALL_PREFIX=/home/michael/Documents/Ros2Humble/install/cpp_pkg
[1.313s] Invoking command in '/home/michael/Documents/Ros2Humble/build/cpp_pkg': CMAKE_PREFIX_PATH=/opt/ros/humble /usr/bin/cmake --build /home/michael/Documents/Ros2Humble/build/cpp_pkg -- -j4 -l4
[1.350s] Invoked command in '/home/michael/Documents/Ros2Humble/build/cpp_pkg' returned '0': CMAKE_PREFIX_PATH=/opt/ros/humble /usr/bin/cmake --build /home/michael/Documents/Ros2Humble/build/cpp_pkg -- -j4 -l4
[1.359s] Invoking command in '/home/michael/Documents/Ros2Humble/build/cpp_pkg': CMAKE_PREFIX_PATH=/opt/ros/humble /usr/bin/cmake --install /home/michael/Documents/Ros2Humble/build/cpp_pkg
[1.365s] -- Install configuration: ""
[1.365s] -- Installing: /home/michael/Documents/Ros2Humble/install/cpp_pkg/share/ament_index/resource_index/package_run_dependencies/cpp_pkg
[1.366s] -- Installing: /home/michael/Documents/Ros2Humble/install/cpp_pkg/share/ament_index/resource_index/parent_prefix_path/cpp_pkg
[1.366s] -- Installing: /home/michael/Documents/Ros2Humble/install/cpp_pkg/share/cpp_pkg/environment/ament_prefix_path.sh
[1.366s] -- Installing: /home/michael/Documents/Ros2Humble/install/cpp_pkg/share/cpp_pkg/environment/ament_prefix_path.dsv
[1.366s] -- Installing: /home/michael/Documents/Ros2Humble/install/cpp_pkg/share/cpp_pkg/environment/path.sh
[1.366s] -- Installing: /home/michael/Documents/Ros2Humble/install/cpp_pkg/share/cpp_pkg/environment/path.dsv
[1.367s] -- Installing: /home/michael/Documents/Ros2Humble/install/cpp_pkg/share/cpp_pkg/local_setup.bash
[1.367s] -- Installing: /home/michael/Documents/Ros2Humble/install/cpp_pkg/share/cpp_pkg/local_setup.sh
[1.367s] -- Installing: /home/michael/Documents/Ros2Humble/install/cpp_pkg/share/cpp_pkg/local_setup.zsh
[1.367s] -- Installing: /home/michael/Documents/Ros2Humble/install/cpp_pkg/share/cpp_pkg/local_setup.dsv
[1.367s] -- Installing: /home/michael/Documents/Ros2Humble/install/cpp_pkg/share/cpp_pkg/package.dsv
[1.368s] -- Installing: /home/michael/Documents/Ros2Humble/install/cpp_pkg/share/ament_index/resource_index/packages/cpp_pkg
[1.368s] -- Installing: /home/michael/Documents/Ros2Humble/install/cpp_pkg/share/cpp_pkg/cmake/cpp_pkgConfig.cmake
[1.368s] -- Installing: /home/michael/Documents/Ros2Humble/install/cpp_pkg/share/cpp_pkg/cmake/cpp_pkgConfig-version.cmake
[1.368s] -- Installing: /home/michael/Documents/Ros2Humble/install/cpp_pkg/share/cpp_pkg/package.xml
[1.371s] Invoked command in '/home/michael/Documents/Ros2Humble/build/cpp_pkg' returned '0': CMAKE_PREFIX_PATH=/opt/ros/humble /usr/bin/cmake --install /home/michael/Documents/Ros2Humble/build/cpp_pkg
